TN:
SF:src/todo.ts
FN:4,(anonymous_0)
FN:31,(anonymous_1)
FN:37,(anonymous_2)
FN:61,(anonymous_3)
FN:70,(anonymous_4)
FN:78,(anonymous_5)
FN:86,(anonymous_6)
FN:92,(anonymous_7)
FN:98,(anonymous_8)
FN:105,(anonymous_9)
FN:112,(anonymous_10)
FN:119,(anonymous_11)
FN:126,(anonymous_12)
FN:131,(anonymous_13)
FN:136,(anonymous_14)
FN:141,(anonymous_15)
FN:146,(anonymous_16)
FN:152,(anonymous_17)
FN:161,(anonymous_18)
FN:166,(anonymous_19)
FNF:20
FNH:20
FNDA:1,(anonymous_0)
FNDA:84,(anonymous_1)
FNDA:1193,(anonymous_2)
FNDA:19,(anonymous_3)
FNDA:1,(anonymous_4)
FNDA:9,(anonymous_5)
FNDA:15,(anonymous_6)
FNDA:4,(anonymous_7)
FNDA:3,(anonymous_8)
FNDA:3,(anonymous_9)
FNDA:4,(anonymous_10)
FNDA:2,(anonymous_11)
FNDA:1,(anonymous_12)
FNDA:2,(anonymous_13)
FNDA:2,(anonymous_14)
FNDA:2,(anonymous_15)
FNDA:2,(anonymous_16)
FNDA:8,(anonymous_17)
FNDA:5,(anonymous_18)
FNDA:7,(anonymous_19)
DA:4,1
DA:5,1
DA:6,1
DA:7,1
DA:27,1
DA:28,84
DA:29,84
DA:33,84
DA:38,1193
DA:41,1193
DA:42,4
DA:45,1189
DA:57,1189
DA:58,1189
DA:63,19
DA:64,19
DA:65,2
DA:72,1
DA:73,1
DA:74,0
DA:80,9
DA:81,9
DA:82,2
DA:88,15
DA:89,15
DA:94,4
DA:95,4
DA:100,3
DA:101,3
DA:106,3
DA:107,3
DA:108,0
DA:113,4
DA:114,4
DA:115,0
DA:120,2
DA:121,2
DA:122,0
DA:127,1
DA:128,1
DA:132,2
DA:133,2
DA:137,2
DA:138,2
DA:142,2
DA:143,2
DA:147,2
DA:148,2
DA:153,8
DA:154,8
DA:155,2
DA:157,6
DA:162,5
DA:163,5
DA:167,7
DA:168,7
DA:169,1
DA:171,6
DA:172,6
DA:173,5
DA:175,1
LF:61
LH:57
BRDA:4,0,0,1
BRDA:4,0,1,1
BRDA:41,1,0,4
BRDA:41,2,0,1193
BRDA:41,2,1,1190
BRDA:49,3,0,1189
BRDA:49,3,1,1078
BRDA:50,4,0,1189
BRDA:50,4,1,1075
BRDA:51,5,0,1189
BRDA:51,5,1,1180
BRDA:64,6,0,2
BRDA:73,7,0,0
BRDA:81,8,0,2
BRDA:107,9,0,0
BRDA:114,10,0,0
BRDA:121,11,0,0
BRDA:154,12,0,2
BRDA:154,13,0,8
BRDA:154,13,1,3
BRDA:168,14,0,1
BRF:21
BRH:17
end_of_record
